{"C:\\JAVASCRIPT\\REACT TS\\Testing\\src\\components\\Counter\\counter.component.tsx": {"path":"C:\\JAVASCRIPT\\REACT TS\\Testing\\src\\components\\Counter\\counter.component.tsx","all":false,"statementMap":{"0":{"start":{"line":1,"column":0},"end":{"line":1,"column":33}},"1":{"start":{"line":2,"column":0},"end":{"line":2,"column":0}},"2":{"start":{"line":3,"column":0},"end":{"line":3,"column":61}},"3":{"start":{"line":4,"column":0},"end":{"line":4,"column":15}},"4":{"start":{"line":5,"column":0},"end":{"line":5,"column":7}},"5":{"start":{"line":6,"column":0},"end":{"line":6,"column":51}},"6":{"start":{"line":7,"column":0},"end":{"line":7,"column":0}},"7":{"start":{"line":8,"column":0},"end":{"line":8,"column":10}},"8":{"start":{"line":9,"column":0},"end":{"line":9,"column":9}},"9":{"start":{"line":10,"column":0},"end":{"line":10,"column":42}},"10":{"start":{"line":11,"column":0},"end":{"line":11,"column":39}},"11":{"start":{"line":12,"column":0},"end":{"line":12,"column":76}},"12":{"start":{"line":13,"column":0},"end":{"line":13,"column":75}},"13":{"start":{"line":14,"column":0},"end":{"line":14,"column":12}},"14":{"start":{"line":15,"column":0},"end":{"line":15,"column":10}},"15":{"start":{"line":16,"column":0},"end":{"line":16,"column":4}},"16":{"start":{"line":17,"column":0},"end":{"line":17,"column":2}}},"s":{"0":1,"1":1,"2":1,"3":2,"4":2,"5":2,"6":2,"7":2,"8":2,"9":2,"10":2,"11":2,"12":2,"13":2,"14":2,"15":2,"16":1},"branchMap":{"0":{"type":"branch","line":3,"loc":{"start":{"line":3,"column":59},"end":{"line":17,"column":2}},"locations":[{"start":{"line":3,"column":59},"end":{"line":17,"column":2}}]},"1":{"type":"branch","line":13,"loc":{"start":{"line":13,"column":25},"end":{"line":13,"column":61}},"locations":[{"start":{"line":13,"column":25},"end":{"line":13,"column":61}}]},"2":{"type":"branch","line":13,"loc":{"start":{"line":13,"column":40},"end":{"line":13,"column":58}},"locations":[{"start":{"line":13,"column":40},"end":{"line":13,"column":58}}]},"3":{"type":"branch","line":17,"loc":{"start":{"line":17,"column":0},"end":{"line":17,"column":2}},"locations":[{"start":{"line":17,"column":0},"end":{"line":17,"column":2}}]}},"b":{"0":[2],"1":[1],"2":[1],"3":[1]},"fnMap":{"0":{"name":"Counter","decl":{"start":{"line":3,"column":59},"end":{"line":17,"column":2}},"loc":{"start":{"line":3,"column":59},"end":{"line":17,"column":2}},"line":3},"1":{"name":"onClick","decl":{"start":{"line":12,"column":25},"end":{"line":12,"column":61}},"loc":{"start":{"line":12,"column":25},"end":{"line":12,"column":61}},"line":12},"2":{"name":"onClick","decl":{"start":{"line":13,"column":25},"end":{"line":13,"column":61}},"loc":{"start":{"line":13,"column":25},"end":{"line":13,"column":61}},"line":13},"3":{"name":"get","decl":{"start":{"line":17,"column":0},"end":{"line":17,"column":2}},"loc":{"start":{"line":17,"column":0},"end":{"line":17,"column":2}},"line":17}},"f":{"0":2,"1":0,"2":1,"3":1}}
,"C:\\JAVASCRIPT\\REACT TS\\Testing\\src\\components\\Greeting\\greet.component.tsx": {"path":"C:\\JAVASCRIPT\\REACT TS\\Testing\\src\\components\\Greeting\\greet.component.tsx","all":false,"statementMap":{"0":{"start":{"line":1,"column":0},"end":{"line":1,"column":38}},"1":{"start":{"line":2,"column":0},"end":{"line":2,"column":53}},"2":{"start":{"line":3,"column":0},"end":{"line":3,"column":2}}},"s":{"0":1,"1":1,"2":1},"branchMap":{"0":{"type":"branch","line":1,"loc":{"start":{"line":1,"column":31},"end":{"line":3,"column":2}},"locations":[{"start":{"line":1,"column":31},"end":{"line":3,"column":2}}]},"1":{"type":"branch","line":3,"loc":{"start":{"line":3,"column":0},"end":{"line":3,"column":2}},"locations":[{"start":{"line":3,"column":0},"end":{"line":3,"column":2}}]}},"b":{"0":[1],"1":[1]},"fnMap":{"0":{"name":"Greet","decl":{"start":{"line":1,"column":31},"end":{"line":3,"column":2}},"loc":{"start":{"line":1,"column":31},"end":{"line":3,"column":2}},"line":1},"1":{"name":"get","decl":{"start":{"line":3,"column":0},"end":{"line":3,"column":2}},"loc":{"start":{"line":3,"column":0},"end":{"line":3,"column":2}},"line":3}},"f":{"0":1,"1":1}}
}
